<?xml version="1.0" encoding="UTF-8"?>
<!-- Generated by org.testng.reporters.JUnitXMLReporter -->
<testsuite ignored="0" hostname="LAPTOP-3GAIK3G4" failures="0" tests="3" name="Default test" time="0.095" errors="0" timestamp="2024-07-09T22:20:54 IST">
  <testcase classname="branchforSonal.logOutTestCase" name="method1" time="0.025"/>
  <testcase classname="branchforSonal.logOutTestCase" name="method1" time="0.002"/>
  <testcase classname="branchforSonal.logOutTestCase" name="method1" time="0.005"/>
</testsuite> <!-- Default test -->
